<?xml version="1.0" encoding="UTF-8"?>
<!-- Generated by org.testng.reporters.JUnitReportReporter -->
<testsuite hostname="DESKTOP-LSH9K69" failures="0" tests="1" name="Testing.HomePageTesting" time="47.884" errors="0" timestamp="2021-11-27T15:40:42 IST" skipped="0">
  <testcase classname="Testing.HomePageTesting" name="pageNavigation" time="47.884"/>
  <system-out/>
</testsuite> <!-- Testing.HomePageTesting -->
